[2024-07-08 13:20:37] app.ERROR: Data from PrestaShop Addons is invalid, and cannot fallback on cache. [] []
[2024-07-08 13:20:37] app.INFO: Protect vendor folder in module blockreassurance [] []
[2024-07-08 13:20:37] app.INFO: Module blockreassurance has no vendor folder [] []
[2024-07-08 13:21:29] app.ERROR: Data from PrestaShop Addons is invalid, and cannot fallback on cache. [] []
[2024-07-08 13:21:31] app.INFO: Protect vendor folder in module ps_facetedsearch [] []
[2024-07-08 13:21:31] app.INFO: Module ps_facetedsearch has no vendor folder [] []
[2024-07-08 13:25:21] request.INFO: Matched route "admin_product_form". {"route":"admin_product_form","route_parameters":{"_controller":"PrestaShopBundle\\Controller\\Admin\\ProductController::formAction","_legacy_controller":"AdminProducts","_legacy_param_mapper_class":"PrestaShop\\PrestaShop\\Adapter\\Product\\AdminProductDataProvider","_legacy_param_mapper_method":"mapLegacyParametersProductForm","id":"20","_route":"admin_product_form"},"request_uri":"http://localhost/prestashop/admin591kcphce/index.php/sell/catalog/products/20?_token=LrOAKu1g9t8vUvIK58zfwu4JnVa7MIViRzHf15gIS14","method":"GET"} []
[2024-07-08 13:25:21] security.DEBUG: Read existing security token from the session. {"key":"_security_main","token_class":"Symfony\\Component\\Security\\Core\\Authentication\\Token\\UsernamePasswordToken"} []
[2024-07-08 13:25:21] security.DEBUG: User was reloaded from a user provider. {"provider":"PrestaShopBundle\\Security\\Admin\\EmployeeProvider","username":"amevgab@gmail.com"} []
[2024-07-08 13:25:26] app.ERROR: Data from PrestaShop Addons is invalid, and cannot fallback on cache. [] []
[2024-07-08 13:25:29] security.DEBUG: Stored the security token in the session. {"key":"_security_main"} []
[2024-07-08 17:33:58] request.INFO: Matched route "admin_product_form". {"route":"admin_product_form","route_parameters":{"_controller":"PrestaShopBundle\\Controller\\Admin\\ProductController::formAction","_legacy_controller":"AdminProducts","_legacy_param_mapper_class":"PrestaShop\\PrestaShop\\Adapter\\Product\\AdminProductDataProvider","_legacy_param_mapper_method":"mapLegacyParametersProductForm","id":"21","_route":"admin_product_form"},"request_uri":"http://localhost/prestashop/admin591kcphce/index.php/sell/catalog/products/21?_token=IhYY4Mkum5C34C47CRZ86CXlAErtuOSboO0RTcTIHSY","method":"GET"} []
[2024-07-08 17:33:58] security.DEBUG: Read existing security token from the session. {"key":"_security_main","token_class":"Symfony\\Component\\Security\\Core\\Authentication\\Token\\UsernamePasswordToken"} []
[2024-07-08 17:33:58] security.DEBUG: User was reloaded from a user provider. {"provider":"PrestaShopBundle\\Security\\Admin\\EmployeeProvider","username":"amevgab@gmail.com"} []
[2024-07-08 17:33:59] app.ERROR: Data from PrestaShop Addons is invalid, and cannot fallback on cache. [] []
[2024-07-08 17:34:00] security.DEBUG: Stored the security token in the session. {"key":"_security_main"} []
[2024-07-08 17:34:00] request.INFO: Matched route "admin_product_form". {"route":"admin_product_form","route_parameters":{"_controller":"PrestaShopBundle\\Controller\\Admin\\ProductController::formAction","_legacy_controller":"AdminProducts","_legacy_param_mapper_class":"PrestaShop\\PrestaShop\\Adapter\\Product\\AdminProductDataProvider","_legacy_param_mapper_method":"mapLegacyParametersProductForm","id":"22","_route":"admin_product_form"},"request_uri":"http://localhost/prestashop/admin591kcphce/index.php/sell/catalog/products/22?_token=IhYY4Mkum5C34C47CRZ86CXlAErtuOSboO0RTcTIHSY","method":"GET"} []
[2024-07-08 17:34:00] security.DEBUG: Read existing security token from the session. {"key":"_security_main","token_class":"Symfony\\Component\\Security\\Core\\Authentication\\Token\\UsernamePasswordToken"} []
[2024-07-08 17:34:00] security.DEBUG: User was reloaded from a user provider. {"provider":"PrestaShopBundle\\Security\\Admin\\EmployeeProvider","username":"amevgab@gmail.com"} []
[2024-07-08 17:34:01] app.ERROR: Data from PrestaShop Addons is invalid, and cannot fallback on cache. [] []
[2024-07-08 17:34:01] security.DEBUG: Stored the security token in the session. {"key":"_security_main"} []
[2024-07-08 17:34:22] request.INFO: Matched route "admin_system_information_check_files". {"route":"admin_system_information_check_files","route_parameters":{"_controller":"PrestaShopBundle\\Controller\\Admin\\Configure\\AdvancedParameters\\SystemInformationController::displayCheckFilesAction","_legacy_controller":"AdminInformation","_legacy_link":"AdminInformation:checkFiles","_route":"admin_system_information_check_files"},"request_uri":"http://localhost/prestashop/admin591kcphce/index.php/configure/advanced/system-information/files?_token=IhYY4Mkum5C34C47CRZ86CXlAErtuOSboO0RTcTIHSY","method":"POST"} []
[2024-07-08 17:34:22] security.DEBUG: Read existing security token from the session. {"key":"_security_main","token_class":"Symfony\\Component\\Security\\Core\\Authentication\\Token\\UsernamePasswordToken"} []
[2024-07-08 17:34:23] security.DEBUG: User was reloaded from a user provider. {"provider":"PrestaShopBundle\\Security\\Admin\\EmployeeProvider","username":"amevgab@gmail.com"} []
[2024-07-08 17:36:22] request.CRITICAL: Uncaught PHP Exception Symfony\Component\Debug\Exception\FatalErrorException: "Error: Maximum execution time of 120 seconds exceeded" at C:\wamp64\www\prestashop\src\Adapter\Requirement\CheckMissingOrUpdatedFiles.php line 70 {"exception":"[object] (Symfony\\Component\\Debug\\Exception\\FatalErrorException(code: 0): Error: Maximum execution time of 120 seconds exceeded at C:\\wamp64\\www\\prestashop\\src\\Adapter\\Requirement\\CheckMissingOrUpdatedFiles.php:70)"} []
[2024-07-08 17:36:23] security.DEBUG: Stored the security token in the session. {"key":"_security_main"} []
[2024-07-08 17:34:22] request.INFO: Matched route "admin_common_notifications". {"route":"admin_common_notifications","route_parameters":{"_controller":"PrestaShopBundle\\Controller\\Admin\\CommonController::notificationsAction","_legacy_controller":"AdminCommon","_legacy_link":"AdminCommon","_route":"admin_common_notifications"},"request_uri":"http://localhost/prestashop/admin591kcphce/index.php/common/notifications?_token=IhYY4Mkum5C34C47CRZ86CXlAErtuOSboO0RTcTIHSY&rand=1720460062783","method":"POST"} []
[2024-07-08 17:36:23] request.CRITICAL: Uncaught PHP Exception Symfony\Component\Debug\Exception\FatalErrorException: "Error: Maximum execution time of 120 seconds exceeded" at C:\wamp64\www\prestashop\vendor\symfony\symfony\src\Symfony\Component\HttpFoundation\Session\Storage\Handler\StrictSessionHandler.php line 48 {"exception":"[object] (Symfony\\Component\\Debug\\Exception\\FatalErrorException(code: 0): Error: Maximum execution time of 120 seconds exceeded at C:\\wamp64\\www\\prestashop\\vendor\\symfony\\symfony\\src\\Symfony\\Component\\HttpFoundation\\Session\\Storage\\Handler\\StrictSessionHandler.php:48)"} []
[2024-07-08 17:36:23] request.CRITICAL: Exception thrown when handling an exception (Twig\Error\RuntimeError: An exception has been thrown during the rendering of a template ("Failed to start the session: already started by PHP."). at C:\wamp64\www\prestashop\src\PrestaShopBundle\Resources\views\Admin\Exception\error.html.twig line 60) {"exception":"[object] (Twig\\Error\\RuntimeError(code: 0): An exception has been thrown during the rendering of a template (\"Failed to start the session: already started by PHP.\"). at C:\\wamp64\\www\\prestashop\\src\\PrestaShopBundle\\Resources\\views\\Admin\\Exception\\error.html.twig:60, RuntimeException(code: 0): Failed to start the session: already started by PHP. at C:\\wamp64\\www\\prestashop\\vendor\\symfony\\symfony\\src\\Symfony\\Component\\HttpFoundation\\Session\\Storage\\NativeSessionStorage.php:146)"} []
[2024-07-08 17:34:22] request.INFO: Matched route "admin_common_notifications". {"route":"admin_common_notifications","route_parameters":{"_controller":"PrestaShopBundle\\Controller\\Admin\\CommonController::notificationsAction","_legacy_controller":"AdminCommon","_legacy_link":"AdminCommon","_route":"admin_common_notifications"},"request_uri":"http://localhost/prestashop/admin591kcphce/index.php/common/notifications?_token=IhYY4Mkum5C34C47CRZ86CXlAErtuOSboO0RTcTIHSY","method":"POST"} []
[2024-07-08 17:36:23] request.CRITICAL: Uncaught PHP Exception Symfony\Component\Debug\Exception\FatalErrorException: "Error: Maximum execution time of 120 seconds exceeded" at C:\wamp64\www\prestashop\vendor\symfony\symfony\src\Symfony\Component\HttpFoundation\Session\Storage\Handler\StrictSessionHandler.php line 48 {"exception":"[object] (Symfony\\Component\\Debug\\Exception\\FatalErrorException(code: 0): Error: Maximum execution time of 120 seconds exceeded at C:\\wamp64\\www\\prestashop\\vendor\\symfony\\symfony\\src\\Symfony\\Component\\HttpFoundation\\Session\\Storage\\Handler\\StrictSessionHandler.php:48)"} []
[2024-07-08 17:36:23] request.CRITICAL: Exception thrown when handling an exception (Twig\Error\RuntimeError: An exception has been thrown during the rendering of a template ("Failed to start the session: already started by PHP."). at C:\wamp64\www\prestashop\src\PrestaShopBundle\Resources\views\Admin\Exception\error.html.twig line 60) {"exception":"[object] (Twig\\Error\\RuntimeError(code: 0): An exception has been thrown during the rendering of a template (\"Failed to start the session: already started by PHP.\"). at C:\\wamp64\\www\\prestashop\\src\\PrestaShopBundle\\Resources\\views\\Admin\\Exception\\error.html.twig:60, RuntimeException(code: 0): Failed to start the session: already started by PHP. at C:\\wamp64\\www\\prestashop\\vendor\\symfony\\symfony\\src\\Symfony\\Component\\HttpFoundation\\Session\\Storage\\NativeSessionStorage.php:146)"} []
[2024-07-08 17:35:27] request.INFO: Matched route "admin_payment_preferences". {"route":"admin_payment_preferences","route_parameters":{"_legacy_controller":"AdminPaymentPreferences","_legacy_link":"AdminPaymentPreferences","_controller":"PrestaShopBundle\\Controller\\Admin\\Improve\\Payment\\PaymentPreferencesController::indexAction","_route":"admin_payment_preferences"},"request_uri":"http://localhost/prestashop/admin591kcphce/index.php/improve/payment/preferences?_token=IhYY4Mkum5C34C47CRZ86CXlAErtuOSboO0RTcTIHSY","method":"GET"} []
[2024-07-08 17:36:24] security.DEBUG: Read existing security token from the session. {"key":"_security_main","token_class":"Symfony\\Component\\Security\\Core\\Authentication\\Token\\UsernamePasswordToken"} []
[2024-07-08 17:36:24] security.DEBUG: User was reloaded from a user provider. {"provider":"PrestaShopBundle\\Security\\Admin\\EmployeeProvider","username":"amevgab@gmail.com"} []
[2024-07-08 17:36:24] app.ERROR: Data from PrestaShop Addons is invalid, and cannot fallback on cache. [] []
[2024-07-08 17:36:25] security.DEBUG: Stored the security token in the session. {"key":"_security_main"} []
[2024-07-08 17:39:30] request.INFO: Matched route "admin_payment_methods". {"route":"admin_payment_methods","route_parameters":{"_controller":"PrestaShopBundle\\Controller\\Admin\\Improve\\Payment\\PaymentMethodsController::indexAction","_legacy_controller":"AdminPayment","_legacy_link":"AdminPayment","_route":"admin_payment_methods"},"request_uri":"http://localhost/prestashop/admin591kcphce/index.php/improve/payment/payment_methods?_token=IhYY4Mkum5C34C47CRZ86CXlAErtuOSboO0RTcTIHSY","method":"GET"} []
[2024-07-08 17:39:30] security.DEBUG: Read existing security token from the session. {"key":"_security_main","token_class":"Symfony\\Component\\Security\\Core\\Authentication\\Token\\UsernamePasswordToken"} []
[2024-07-08 17:39:30] security.DEBUG: User was reloaded from a user provider. {"provider":"PrestaShopBundle\\Security\\Admin\\EmployeeProvider","username":"amevgab@gmail.com"} []
[2024-07-08 17:39:30] app.ERROR: Data from PrestaShop Addons is invalid, and cannot fallback on cache. [] []
[2024-07-08 17:39:31] security.DEBUG: Stored the security token in the session. {"key":"_security_main"} []
[2024-07-08 17:39:40] request.INFO: Matched route "admin_module_configure_action". {"route":"admin_module_configure_action","route_parameters":{"_controller":"PrestaShopBundle\\Controller\\Admin\\Improve\\ModuleController::configureModuleAction","_legacy_controller":"AdminModules","module_name":"ps_checkpayment","_route":"admin_module_configure_action"},"request_uri":"http://localhost/prestashop/admin591kcphce/index.php/improve/modules/manage/action/configure/ps_checkpayment?_token=IhYY4Mkum5C34C47CRZ86CXlAErtuOSboO0RTcTIHSY","method":"GET"} []
[2024-07-08 17:39:40] security.DEBUG: Read existing security token from the session. {"key":"_security_main","token_class":"Symfony\\Component\\Security\\Core\\Authentication\\Token\\UsernamePasswordToken"} []
[2024-07-08 17:39:40] security.DEBUG: User was reloaded from a user provider. {"provider":"PrestaShopBundle\\Security\\Admin\\EmployeeProvider","username":"amevgab@gmail.com"} []
[2024-07-08 17:39:40] app.ERROR: Data from PrestaShop Addons is invalid, and cannot fallback on cache. [] []
[2024-07-08 17:39:41] security.DEBUG: Stored the security token in the session. {"key":"_security_main"} []
[2024-07-08 17:41:20] request.INFO: Matched route "admin_payment_methods". {"route":"admin_payment_methods","route_parameters":{"_controller":"PrestaShopBundle\\Controller\\Admin\\Improve\\Payment\\PaymentMethodsController::indexAction","_legacy_controller":"AdminPayment","_legacy_link":"AdminPayment","_route":"admin_payment_methods"},"request_uri":"http://localhost/prestashop/admin591kcphce/index.php/improve/payment/payment_methods?_token=IhYY4Mkum5C34C47CRZ86CXlAErtuOSboO0RTcTIHSY","method":"GET"} []
[2024-07-08 17:41:20] security.DEBUG: Read existing security token from the session. {"key":"_security_main","token_class":"Symfony\\Component\\Security\\Core\\Authentication\\Token\\UsernamePasswordToken"} []
[2024-07-08 17:41:20] security.DEBUG: User was reloaded from a user provider. {"provider":"PrestaShopBundle\\Security\\Admin\\EmployeeProvider","username":"amevgab@gmail.com"} []
[2024-07-08 17:41:21] app.ERROR: Data from PrestaShop Addons is invalid, and cannot fallback on cache. [] []
[2024-07-08 17:41:21] security.DEBUG: Stored the security token in the session. {"key":"_security_main"} []
[2024-07-08 17:43:38] request.INFO: Matched route "admin_payment_preferences". {"route":"admin_payment_preferences","route_parameters":{"_legacy_controller":"AdminPaymentPreferences","_legacy_link":"AdminPaymentPreferences","_controller":"PrestaShopBundle\\Controller\\Admin\\Improve\\Payment\\PaymentPreferencesController::indexAction","_route":"admin_payment_preferences"},"request_uri":"http://localhost/prestashop/admin591kcphce/index.php/improve/payment/preferences?_token=IhYY4Mkum5C34C47CRZ86CXlAErtuOSboO0RTcTIHSY","method":"GET"} []
[2024-07-08 17:43:38] security.DEBUG: Read existing security token from the session. {"key":"_security_main","token_class":"Symfony\\Component\\Security\\Core\\Authentication\\Token\\UsernamePasswordToken"} []
[2024-07-08 17:43:38] security.DEBUG: User was reloaded from a user provider. {"provider":"PrestaShopBundle\\Security\\Admin\\EmployeeProvider","username":"amevgab@gmail.com"} []
[2024-07-08 17:43:39] app.ERROR: Data from PrestaShop Addons is invalid, and cannot fallback on cache. [] []
[2024-07-08 17:43:39] security.DEBUG: Stored the security token in the session. {"key":"_security_main"} []
[2024-07-08 17:44:35] request.INFO: Matched route "admin_payment_preferences_process". {"route":"admin_payment_preferences_process","route_parameters":{"_legacy_controller":"AdminPaymentPreferences","_legacy_link":"AdminPaymentPreferences:update","_controller":"PrestaShopBundle\\Controller\\Admin\\Improve\\Payment\\PaymentPreferencesController::processFormAction","_route":"admin_payment_preferences_process"},"request_uri":"http://localhost/prestashop/admin591kcphce/index.php/improve/payment/preferences?_token=IhYY4Mkum5C34C47CRZ86CXlAErtuOSboO0RTcTIHSY","method":"POST"} []
[2024-07-08 17:44:35] security.DEBUG: Read existing security token from the session. {"key":"_security_main","token_class":"Symfony\\Component\\Security\\Core\\Authentication\\Token\\UsernamePasswordToken"} []
[2024-07-08 17:44:35] security.DEBUG: User was reloaded from a user provider. {"provider":"PrestaShopBundle\\Security\\Admin\\EmployeeProvider","username":"amevgab@gmail.com"} []
[2024-07-08 17:44:36] app.ERROR: Data from PrestaShop Addons is invalid, and cannot fallback on cache. [] []
[2024-07-08 17:44:37] security.DEBUG: Stored the security token in the session. {"key":"_security_main"} []
[2024-07-08 17:44:37] request.INFO: Matched route "admin_payment_preferences". {"route":"admin_payment_preferences","route_parameters":{"_legacy_controller":"AdminPaymentPreferences","_legacy_link":"AdminPaymentPreferences","_controller":"PrestaShopBundle\\Controller\\Admin\\Improve\\Payment\\PaymentPreferencesController::indexAction","_route":"admin_payment_preferences"},"request_uri":"http://localhost/prestashop/admin591kcphce/index.php/improve/payment/preferences?_token=IhYY4Mkum5C34C47CRZ86CXlAErtuOSboO0RTcTIHSY","method":"GET"} []
[2024-07-08 17:44:37] security.DEBUG: Read existing security token from the session. {"key":"_security_main","token_class":"Symfony\\Component\\Security\\Core\\Authentication\\Token\\UsernamePasswordToken"} []
[2024-07-08 17:44:37] security.DEBUG: User was reloaded from a user provider. {"provider":"PrestaShopBundle\\Security\\Admin\\EmployeeProvider","username":"amevgab@gmail.com"} []
[2024-07-08 17:44:37] app.ERROR: Data from PrestaShop Addons is invalid, and cannot fallback on cache. [] []
[2024-07-08 17:44:38] security.DEBUG: Stored the security token in the session. {"key":"_security_main"} []
[2024-07-08 17:44:38] request.INFO: Matched route "admin_payment_preferences_process". {"route":"admin_payment_preferences_process","route_parameters":{"_legacy_controller":"AdminPaymentPreferences","_legacy_link":"AdminPaymentPreferences:update","_controller":"PrestaShopBundle\\Controller\\Admin\\Improve\\Payment\\PaymentPreferencesController::processFormAction","_route":"admin_payment_preferences_process"},"request_uri":"http://localhost/prestashop/admin591kcphce/index.php/improve/payment/preferences?_token=IhYY4Mkum5C34C47CRZ86CXlAErtuOSboO0RTcTIHSY","method":"POST"} []
[2024-07-08 17:44:38] security.DEBUG: Read existing security token from the session. {"key":"_security_main","token_class":"Symfony\\Component\\Security\\Core\\Authentication\\Token\\UsernamePasswordToken"} []
[2024-07-08 17:44:38] security.DEBUG: User was reloaded from a user provider. {"provider":"PrestaShopBundle\\Security\\Admin\\EmployeeProvider","username":"amevgab@gmail.com"} []
[2024-07-08 17:44:39] app.ERROR: Data from PrestaShop Addons is invalid, and cannot fallback on cache. [] []
[2024-07-08 17:44:39] security.DEBUG: Stored the security token in the session. {"key":"_security_main"} []
[2024-07-08 17:44:40] request.INFO: Matched route "admin_payment_preferences". {"route":"admin_payment_preferences","route_parameters":{"_legacy_controller":"AdminPaymentPreferences","_legacy_link":"AdminPaymentPreferences","_controller":"PrestaShopBundle\\Controller\\Admin\\Improve\\Payment\\PaymentPreferencesController::indexAction","_route":"admin_payment_preferences"},"request_uri":"http://localhost/prestashop/admin591kcphce/index.php/improve/payment/preferences?_token=IhYY4Mkum5C34C47CRZ86CXlAErtuOSboO0RTcTIHSY","method":"GET"} []
[2024-07-08 17:44:40] security.DEBUG: Read existing security token from the session. {"key":"_security_main","token_class":"Symfony\\Component\\Security\\Core\\Authentication\\Token\\UsernamePasswordToken"} []
[2024-07-08 17:44:40] security.DEBUG: User was reloaded from a user provider. {"provider":"PrestaShopBundle\\Security\\Admin\\EmployeeProvider","username":"amevgab@gmail.com"} []
[2024-07-08 17:44:40] app.ERROR: Data from PrestaShop Addons is invalid, and cannot fallback on cache. [] []
[2024-07-08 17:44:41] security.DEBUG: Stored the security token in the session. {"key":"_security_main"} []
[2024-07-08 17:44:46] request.INFO: Matched route "admin_payment_preferences_process". {"route":"admin_payment_preferences_process","route_parameters":{"_legacy_controller":"AdminPaymentPreferences","_legacy_link":"AdminPaymentPreferences:update","_controller":"PrestaShopBundle\\Controller\\Admin\\Improve\\Payment\\PaymentPreferencesController::processFormAction","_route":"admin_payment_preferences_process"},"request_uri":"http://localhost/prestashop/admin591kcphce/index.php/improve/payment/preferences?_token=IhYY4Mkum5C34C47CRZ86CXlAErtuOSboO0RTcTIHSY","method":"POST"} []
[2024-07-08 17:44:46] security.DEBUG: Read existing security token from the session. {"key":"_security_main","token_class":"Symfony\\Component\\Security\\Core\\Authentication\\Token\\UsernamePasswordToken"} []
[2024-07-08 17:44:46] security.DEBUG: User was reloaded from a user provider. {"provider":"PrestaShopBundle\\Security\\Admin\\EmployeeProvider","username":"amevgab@gmail.com"} []
[2024-07-08 17:44:47] app.ERROR: Data from PrestaShop Addons is invalid, and cannot fallback on cache. [] []
[2024-07-08 17:44:47] security.DEBUG: Stored the security token in the session. {"key":"_security_main"} []
[2024-07-08 17:44:48] request.INFO: Matched route "admin_payment_preferences". {"route":"admin_payment_preferences","route_parameters":{"_legacy_controller":"AdminPaymentPreferences","_legacy_link":"AdminPaymentPreferences","_controller":"PrestaShopBundle\\Controller\\Admin\\Improve\\Payment\\PaymentPreferencesController::indexAction","_route":"admin_payment_preferences"},"request_uri":"http://localhost/prestashop/admin591kcphce/index.php/improve/payment/preferences?_token=IhYY4Mkum5C34C47CRZ86CXlAErtuOSboO0RTcTIHSY","method":"GET"} []
[2024-07-08 17:44:48] security.DEBUG: Read existing security token from the session. {"key":"_security_main","token_class":"Symfony\\Component\\Security\\Core\\Authentication\\Token\\UsernamePasswordToken"} []
[2024-07-08 17:44:48] security.DEBUG: User was reloaded from a user provider. {"provider":"PrestaShopBundle\\Security\\Admin\\EmployeeProvider","username":"amevgab@gmail.com"} []
[2024-07-08 17:44:48] app.ERROR: Data from PrestaShop Addons is invalid, and cannot fallback on cache. [] []
[2024-07-08 17:44:49] security.DEBUG: Stored the security token in the session. {"key":"_security_main"} []
[2024-07-09 14:31:02] request.CRITICAL: Uncaught PHP Exception SmartyException: "unable to write file C:\wamp64\www\prestashop\var\cache\prod\smarty\compile\3b\b4\be\3bb4be18388dcc2f4ea0423f40b1bb6c341ec9fa_0.file.login_addons.tpl.php" at C:\wamp64\www\prestashop\vendor\smarty\smarty\libs\sysplugins\smarty_internal_runtime_writefile.php line 90 {"exception":"[object] (SmartyException(code: 0): unable to write file C:\\wamp64\\www\\prestashop\\var\\cache\\prod\\smarty\\compile\\3b\\b4\\be\\3bb4be18388dcc2f4ea0423f40b1bb6c341ec9fa_0.file.login_addons.tpl.php at C:\\wamp64\\www\\prestashop\\vendor\\smarty\\smarty\\libs\\sysplugins\\smarty_internal_runtime_writefile.php:90)"} []
[2024-07-09 14:32:24] request.INFO: Matched route "admin_module_manage". {"route":"admin_module_manage","route_parameters":{"category":null,"keyword":null,"_controller":"PrestaShopBundle\\Controller\\Admin\\Improve\\ModuleController::manageAction","_legacy_controller":"AdminModulesManage","_legacy_link":["AdminModulesManage","AdminModulesSf"],"_route":"admin_module_manage"},"request_uri":"http://localhost/prestashop/admin591kcphce/index.php/improve/modules/manage?_token=5bAp2wT2GTdwDrWRemzapbRUrGK0EGZN3Ak4vYj0U2U","method":"GET"} []
[2024-07-09 14:32:24] security.DEBUG: Read existing security token from the session. {"key":"_security_main","token_class":"Symfony\\Component\\Security\\Core\\Authentication\\Token\\UsernamePasswordToken"} []
[2024-07-09 14:32:24] security.DEBUG: User was reloaded from a user provider. {"provider":"PrestaShopBundle\\Security\\Admin\\EmployeeProvider","username":"amevgab@gmail.com"} []
[2024-07-09 14:32:26] app.ERROR: Data from PrestaShop Addons is invalid, and cannot fallback on cache. [] []
[2024-07-09 14:32:31] security.DEBUG: Stored the security token in the session. {"key":"_security_main"} []
[2024-07-09 14:32:32] request.INFO: Matched route "admin_module_notification_count". {"route":"admin_module_notification_count","route_parameters":{"_controller":"PrestaShopBundle\\Controller\\Admin\\Improve\\Modules\\AlertsController::notificationsCountAction","_legacy_controller":"AdminModulesNotifications","_legacy_link":"AdminModulesNotifications:count","_route":"admin_module_notification_count"},"request_uri":"http://localhost/prestashop/admin591kcphce/index.php/improve/modules/alerts/count?_token=5bAp2wT2GTdwDrWRemzapbRUrGK0EGZN3Ak4vYj0U2U","method":"GET"} []
[2024-07-09 14:32:32] security.DEBUG: Read existing security token from the session. {"key":"_security_main","token_class":"Symfony\\Component\\Security\\Core\\Authentication\\Token\\UsernamePasswordToken"} []
[2024-07-09 14:32:32] security.DEBUG: User was reloaded from a user provider. {"provider":"PrestaShopBundle\\Security\\Admin\\EmployeeProvider","username":"amevgab@gmail.com"} []
[2024-07-09 14:32:33] app.ERROR: Data from PrestaShop Addons is invalid, and cannot fallback on cache. [] []
[2024-07-09 14:32:33] security.DEBUG: Stored the security token in the session. {"key":"_security_main"} []
[2024-07-09 14:32:58] request.INFO: Matched route "admin_module_configure_action". {"route":"admin_module_configure_action","route_parameters":{"_controller":"PrestaShopBundle\\Controller\\Admin\\Improve\\ModuleController::configureModuleAction","_legacy_controller":"AdminModules","module_name":"ps_mainmenu","_route":"admin_module_configure_action"},"request_uri":"http://localhost/prestashop/admin591kcphce/index.php/improve/modules/manage/action/configure/ps_mainmenu?_token=5bAp2wT2GTdwDrWRemzapbRUrGK0EGZN3Ak4vYj0U2U","method":"GET"} []
[2024-07-09 14:32:58] security.DEBUG: Read existing security token from the session. {"key":"_security_main","token_class":"Symfony\\Component\\Security\\Core\\Authentication\\Token\\UsernamePasswordToken"} []
[2024-07-09 14:32:58] security.DEBUG: User was reloaded from a user provider. {"provider":"PrestaShopBundle\\Security\\Admin\\EmployeeProvider","username":"amevgab@gmail.com"} []
[2024-07-09 14:32:58] app.ERROR: Data from PrestaShop Addons is invalid, and cannot fallback on cache. [] []
[2024-07-09 14:32:59] security.DEBUG: Stored the security token in the session. {"key":"_security_main"} []
[2024-07-09 14:40:58] request.INFO: Matched route "admin_module_manage". {"route":"admin_module_manage","route_parameters":{"category":null,"keyword":null,"_controller":"PrestaShopBundle\\Controller\\Admin\\Improve\\ModuleController::manageAction","_legacy_controller":"AdminModulesManage","_legacy_link":["AdminModulesManage","AdminModulesSf"],"_route":"admin_module_manage"},"request_uri":"http://localhost/prestashop/admin591kcphce/index.php/improve/modules/manage?_token=5bAp2wT2GTdwDrWRemzapbRUrGK0EGZN3Ak4vYj0U2U","method":"GET"} []
[2024-07-09 14:40:58] security.DEBUG: Read existing security token from the session. {"key":"_security_main","token_class":"Symfony\\Component\\Security\\Core\\Authentication\\Token\\UsernamePasswordToken"} []
[2024-07-09 14:40:58] security.DEBUG: User was reloaded from a user provider. {"provider":"PrestaShopBundle\\Security\\Admin\\EmployeeProvider","username":"amevgab@gmail.com"} []
[2024-07-09 14:41:00] app.ERROR: Data from PrestaShop Addons is invalid, and cannot fallback on cache. [] []
[2024-07-09 14:41:00] security.DEBUG: Stored the security token in the session. {"key":"_security_main"} []
[2024-07-09 14:40:58] request.INFO: Matched route "admin_module_manage". {"route":"admin_module_manage","route_parameters":{"category":null,"keyword":null,"_controller":"PrestaShopBundle\\Controller\\Admin\\Improve\\ModuleController::manageAction","_legacy_controller":"AdminModulesManage","_legacy_link":["AdminModulesManage","AdminModulesSf"],"_route":"admin_module_manage"},"request_uri":"http://localhost/prestashop/admin591kcphce/index.php/improve/modules/manage?_token=5bAp2wT2GTdwDrWRemzapbRUrGK0EGZN3Ak4vYj0U2U","method":"GET"} []
[2024-07-09 14:41:00] security.DEBUG: Read existing security token from the session. {"key":"_security_main","token_class":"Symfony\\Component\\Security\\Core\\Authentication\\Token\\UsernamePasswordToken"} []
[2024-07-09 14:41:00] security.DEBUG: User was reloaded from a user provider. {"provider":"PrestaShopBundle\\Security\\Admin\\EmployeeProvider","username":"amevgab@gmail.com"} []
[2024-07-09 14:41:01] app.ERROR: Data from PrestaShop Addons is invalid, and cannot fallback on cache. [] []
[2024-07-09 14:41:02] security.DEBUG: Stored the security token in the session. {"key":"_security_main"} []
[2024-07-09 14:41:03] request.INFO: Matched route "admin_module_notification_count". {"route":"admin_module_notification_count","route_parameters":{"_controller":"PrestaShopBundle\\Controller\\Admin\\Improve\\Modules\\AlertsController::notificationsCountAction","_legacy_controller":"AdminModulesNotifications","_legacy_link":"AdminModulesNotifications:count","_route":"admin_module_notification_count"},"request_uri":"http://localhost/prestashop/admin591kcphce/index.php/improve/modules/alerts/count?_token=5bAp2wT2GTdwDrWRemzapbRUrGK0EGZN3Ak4vYj0U2U","method":"GET"} []
[2024-07-09 14:41:03] security.DEBUG: Read existing security token from the session. {"key":"_security_main","token_class":"Symfony\\Component\\Security\\Core\\Authentication\\Token\\UsernamePasswordToken"} []
[2024-07-09 14:41:03] security.DEBUG: User was reloaded from a user provider. {"provider":"PrestaShopBundle\\Security\\Admin\\EmployeeProvider","username":"amevgab@gmail.com"} []
[2024-07-09 14:41:05] app.ERROR: Data from PrestaShop Addons is invalid, and cannot fallback on cache. [] []
[2024-07-09 14:41:05] security.DEBUG: Stored the security token in the session. {"key":"_security_main"} []
[2024-07-09 14:41:13] request.INFO: Matched route "admin_module_configure_action". {"route":"admin_module_configure_action","route_parameters":{"_controller":"PrestaShopBundle\\Controller\\Admin\\Improve\\ModuleController::configureModuleAction","_legacy_controller":"AdminModules","module_name":"ps_mainmenu","_route":"admin_module_configure_action"},"request_uri":"http://localhost/prestashop/admin591kcphce/index.php/improve/modules/manage/action/configure/ps_mainmenu?_token=5bAp2wT2GTdwDrWRemzapbRUrGK0EGZN3Ak4vYj0U2U","method":"GET"} []
[2024-07-09 14:41:13] security.DEBUG: Read existing security token from the session. {"key":"_security_main","token_class":"Symfony\\Component\\Security\\Core\\Authentication\\Token\\UsernamePasswordToken"} []
[2024-07-09 14:41:13] security.DEBUG: User was reloaded from a user provider. {"provider":"PrestaShopBundle\\Security\\Admin\\EmployeeProvider","username":"amevgab@gmail.com"} []
[2024-07-09 14:41:14] app.ERROR: Data from PrestaShop Addons is invalid, and cannot fallback on cache. [] []
[2024-07-09 14:41:14] security.DEBUG: Stored the security token in the session. {"key":"_security_main"} []
[2024-07-09 14:52:42] request.INFO: Matched route "admin_product_form". {"route":"admin_product_form","route_parameters":{"_controller":"PrestaShopBundle\\Controller\\Admin\\ProductController::formAction","_legacy_controller":"AdminProducts","_legacy_param_mapper_class":"PrestaShop\\PrestaShop\\Adapter\\Product\\AdminProductDataProvider","_legacy_param_mapper_method":"mapLegacyParametersProductForm","id":"24","_route":"admin_product_form"},"request_uri":"http://localhost/prestashop/admin591kcphce/index.php/sell/catalog/products/24?_token=5bAp2wT2GTdwDrWRemzapbRUrGK0EGZN3Ak4vYj0U2U","method":"GET"} []
[2024-07-09 14:52:42] security.DEBUG: Read existing security token from the session. {"key":"_security_main","token_class":"Symfony\\Component\\Security\\Core\\Authentication\\Token\\UsernamePasswordToken"} []
[2024-07-09 14:52:42] security.DEBUG: User was reloaded from a user provider. {"provider":"PrestaShopBundle\\Security\\Admin\\EmployeeProvider","username":"amevgab@gmail.com"} []
[2024-07-09 14:52:45] app.ERROR: Data from PrestaShop Addons is invalid, and cannot fallback on cache. [] []
[2024-07-09 14:52:46] security.DEBUG: Stored the security token in the session. {"key":"_security_main"} []
[2024-07-09 14:53:43] request.INFO: Matched route "admin_product_form". {"route":"admin_product_form","route_parameters":{"_controller":"PrestaShopBundle\\Controller\\Admin\\ProductController::formAction","_legacy_controller":"AdminProducts","_legacy_param_mapper_class":"PrestaShop\\PrestaShop\\Adapter\\Product\\AdminProductDataProvider","_legacy_param_mapper_method":"mapLegacyParametersProductForm","id":"25","_route":"admin_product_form"},"request_uri":"http://localhost/prestashop/admin591kcphce/index.php/sell/catalog/products/25?_token=5bAp2wT2GTdwDrWRemzapbRUrGK0EGZN3Ak4vYj0U2U","method":"GET"} []
[2024-07-09 14:53:43] security.DEBUG: Read existing security token from the session. {"key":"_security_main","token_class":"Symfony\\Component\\Security\\Core\\Authentication\\Token\\UsernamePasswordToken"} []
[2024-07-09 14:53:43] security.DEBUG: User was reloaded from a user provider. {"provider":"PrestaShopBundle\\Security\\Admin\\EmployeeProvider","username":"amevgab@gmail.com"} []
[2024-07-09 14:53:44] app.ERROR: Data from PrestaShop Addons is invalid, and cannot fallback on cache. [] []
[2024-07-09 14:53:44] security.DEBUG: Stored the security token in the session. {"key":"_security_main"} []
[2024-07-09 15:25:11] request.CRITICAL: Uncaught PHP Exception Symfony\Component\Filesystem\Exception\IOException: "Cannot rename "C:\wamp64\www\prestashop\var\cache\prod\appACFA.tmp" to "C:\wamp64\www\prestashop\var\cache\prod/appProdProjectContainerUrlMatcher.php"." at C:\wamp64\www\prestashop\vendor\symfony\symfony\src\Symfony\Component\Filesystem\Filesystem.php line 289 {"exception":"[object] (Symfony\\Component\\Filesystem\\Exception\\IOException(code: 0): Cannot rename \"C:\\wamp64\\www\\prestashop\\var\\cache\\prod\\appACFA.tmp\" to \"C:\\wamp64\\www\\prestashop\\var\\cache\\prod/appProdProjectContainerUrlMatcher.php\". at C:\\wamp64\\www\\prestashop\\vendor\\symfony\\symfony\\src\\Symfony\\Component\\Filesystem\\Filesystem.php:289)"} []
[2024-07-09 15:25:12] request.CRITICAL: Exception thrown when handling an exception (RuntimeException: Unable to create the cache directory (C:\wamp64\www\prestashop\var\cache\prod/twig/50). at C:\wamp64\www\prestashop\vendor\twig\twig\src\Cache\FilesystemCache.php line 57) {"exception":"[object] (RuntimeException(code: 0): Unable to create the cache directory (C:\\wamp64\\www\\prestashop\\var\\cache\\prod/twig/50). at C:\\wamp64\\www\\prestashop\\vendor\\twig\\twig\\src\\Cache\\FilesystemCache.php:57)"} []
[2024-07-09 15:32:33] request.INFO: Matched route "admin_product_form". {"route":"admin_product_form","route_parameters":{"_controller":"PrestaShopBundle\\Controller\\Admin\\ProductController::formAction","_legacy_controller":"AdminProducts","_legacy_param_mapper_class":"PrestaShop\\PrestaShop\\Adapter\\Product\\AdminProductDataProvider","_legacy_param_mapper_method":"mapLegacyParametersProductForm","id":"25","_route":"admin_product_form"},"request_uri":"http://localhost/prestashop/admin591kcphce/index.php/sell/catalog/products/25?_token=5bAp2wT2GTdwDrWRemzapbRUrGK0EGZN3Ak4vYj0U2U","method":"GET"} []
[2024-07-09 15:32:33] security.DEBUG: Read existing security token from the session. {"key":"_security_main","token_class":"Symfony\\Component\\Security\\Core\\Authentication\\Token\\UsernamePasswordToken"} []
[2024-07-09 15:32:33] security.DEBUG: User was reloaded from a user provider. {"provider":"PrestaShopBundle\\Security\\Admin\\EmployeeProvider","username":"amevgab@gmail.com"} []
[2024-07-09 15:32:34] app.ERROR: Data from PrestaShop Addons is invalid, and cannot fallback on cache. [] []
[2024-07-09 15:32:36] security.DEBUG: Stored the security token in the session. {"key":"_security_main"} []
[2024-07-10 11:11:42] request.INFO: Matched route "admin_mbo_catalog_module". {"route":"admin_mbo_catalog_module","route_parameters":{"_controller":"mbo.controller.modules:catalogAction","_legacy_controller":"AdminPsMboModule","_legacy_link":"AdminPsMboModule","_route":"admin_mbo_catalog_module"},"request_uri":"http://localhost/prestashop/admin591kcphce/index.php/modules/addons/modules/catalog?_token=5bAp2wT2GTdwDrWRemzapbRUrGK0EGZN3Ak4vYj0U2U","method":"GET"} []
[2024-07-10 11:11:42] security.DEBUG: Read existing security token from the session. {"key":"_security_main","token_class":"Symfony\\Component\\Security\\Core\\Authentication\\Token\\UsernamePasswordToken"} []
[2024-07-10 11:11:42] security.DEBUG: User was reloaded from a user provider. {"provider":"PrestaShopBundle\\Security\\Admin\\EmployeeProvider","username":"amevgab@gmail.com"} []
[2024-07-10 11:11:42] app.ERROR: Data from PrestaShop Addons is invalid, and cannot fallback on cache. [] []
[2024-07-10 11:11:44] security.DEBUG: Stored the security token in the session. {"key":"_security_main"} []
[2024-07-10 11:11:45] request.INFO: Matched route "admin_module_notification_count". {"route":"admin_module_notification_count","route_parameters":{"_controller":"PrestaShopBundle\\Controller\\Admin\\Improve\\Modules\\AlertsController::notificationsCountAction","_legacy_controller":"AdminModulesNotifications","_legacy_link":"AdminModulesNotifications:count","_route":"admin_module_notification_count"},"request_uri":"http://localhost/prestashop/admin591kcphce/index.php/improve/modules/alerts/count?_token=5bAp2wT2GTdwDrWRemzapbRUrGK0EGZN3Ak4vYj0U2U","method":"GET"} []
[2024-07-10 11:11:45] security.DEBUG: Read existing security token from the session. {"key":"_security_main","token_class":"Symfony\\Component\\Security\\Core\\Authentication\\Token\\UsernamePasswordToken"} []
[2024-07-10 11:11:45] security.DEBUG: User was reloaded from a user provider. {"provider":"PrestaShopBundle\\Security\\Admin\\EmployeeProvider","username":"amevgab@gmail.com"} []
[2024-07-10 11:11:46] app.ERROR: Data from PrestaShop Addons is invalid, and cannot fallback on cache. [] []
[2024-07-10 11:11:47] security.DEBUG: Stored the security token in the session. {"key":"_security_main"} []
[2024-07-10 11:11:54] request.INFO: Matched route "admin_module_manage_action". {"route":"admin_module_manage_action","route_parameters":{"_controller":"PrestaShopBundle\\Controller\\Admin\\Improve\\ModuleController::moduleAction","action":"reset","module_name":"ps_mbo","_route":"admin_module_manage_action"},"request_uri":"http://localhost/prestashop/admin591kcphce/index.php/improve/modules/manage/action/reset/ps_mbo?_token=5bAp2wT2GTdwDrWRemzapbRUrGK0EGZN3Ak4vYj0U2U&module_id=39574","method":"POST"} []
[2024-07-10 11:11:54] security.DEBUG: Read existing security token from the session. {"key":"_security_main","token_class":"Symfony\\Component\\Security\\Core\\Authentication\\Token\\UsernamePasswordToken"} []
[2024-07-10 11:11:54] security.DEBUG: User was reloaded from a user provider. {"provider":"PrestaShopBundle\\Security\\Admin\\EmployeeProvider","username":"amevgab@gmail.com"} []
[2024-07-10 11:11:54] app.ERROR: Data from PrestaShop Addons is invalid, and cannot fallback on cache. [] []
[2024-07-10 11:11:56] app.INFO: Protect vendor folder in module ps_mbo [] []
[2024-07-10 11:11:56] security.DEBUG: Stored the security token in the session. {"key":"_security_main"} []
[2024-07-10 11:12:53] request.INFO: Matched route "admin_mbo_catalog_module". {"route":"admin_mbo_catalog_module","route_parameters":{"_controller":"mbo.controller.modules:catalogAction","_legacy_controller":"AdminPsMboModule","_legacy_link":"AdminPsMboModule","_route":"admin_mbo_catalog_module"},"request_uri":"http://localhost/prestashop/admin591kcphce/index.php/modules/addons/modules/catalog?_token=5bAp2wT2GTdwDrWRemzapbRUrGK0EGZN3Ak4vYj0U2U","method":"GET"} []
[2024-07-10 11:12:53] security.DEBUG: Read existing security token from the session. {"key":"_security_main","token_class":"Symfony\\Component\\Security\\Core\\Authentication\\Token\\UsernamePasswordToken"} []
[2024-07-10 11:12:53] security.DEBUG: User was reloaded from a user provider. {"provider":"PrestaShopBundle\\Security\\Admin\\EmployeeProvider","username":"amevgab@gmail.com"} []
[2024-07-10 11:12:59] app.ERROR: Data from PrestaShop Addons is invalid, and cannot fallback on cache. [] []
[2024-07-10 11:13:06] security.DEBUG: Stored the security token in the session. {"key":"_security_main"} []
[2024-07-10 11:13:06] request.INFO: Matched route "admin_module_notification_count". {"route":"admin_module_notification_count","route_parameters":{"_controller":"PrestaShopBundle\\Controller\\Admin\\Improve\\Modules\\AlertsController::notificationsCountAction","_legacy_controller":"AdminModulesNotifications","_legacy_link":"AdminModulesNotifications:count","_route":"admin_module_notification_count"},"request_uri":"http://localhost/prestashop/admin591kcphce/index.php/improve/modules/alerts/count?_token=5bAp2wT2GTdwDrWRemzapbRUrGK0EGZN3Ak4vYj0U2U","method":"GET"} []
[2024-07-10 11:13:07] security.DEBUG: Read existing security token from the session. {"key":"_security_main","token_class":"Symfony\\Component\\Security\\Core\\Authentication\\Token\\UsernamePasswordToken"} []
[2024-07-10 11:13:07] security.DEBUG: User was reloaded from a user provider. {"provider":"PrestaShopBundle\\Security\\Admin\\EmployeeProvider","username":"amevgab@gmail.com"} []
[2024-07-10 11:13:07] app.ERROR: Data from PrestaShop Addons is invalid, and cannot fallback on cache. [] []
[2024-07-10 11:13:08] security.DEBUG: Stored the security token in the session. {"key":"_security_main"} []
[2024-07-10 11:13:48] request.INFO: Matched route "admin_module_manage". {"route":"admin_module_manage","route_parameters":{"category":null,"keyword":null,"_controller":"PrestaShopBundle\\Controller\\Admin\\Improve\\ModuleController::manageAction","_legacy_controller":"AdminModulesManage","_legacy_link":["AdminModulesManage","AdminModulesSf"],"_route":"admin_module_manage"},"request_uri":"http://localhost/prestashop/admin591kcphce/index.php/improve/modules/manage?_token=5bAp2wT2GTdwDrWRemzapbRUrGK0EGZN3Ak4vYj0U2U","method":"GET"} []
[2024-07-10 11:13:48] security.DEBUG: Read existing security token from the session. {"key":"_security_main","token_class":"Symfony\\Component\\Security\\Core\\Authentication\\Token\\UsernamePasswordToken"} []
[2024-07-10 11:13:48] security.DEBUG: User was reloaded from a user provider. {"provider":"PrestaShopBundle\\Security\\Admin\\EmployeeProvider","username":"amevgab@gmail.com"} []
[2024-07-10 11:13:49] app.ERROR: Data from PrestaShop Addons is invalid, and cannot fallback on cache. [] []
[2024-07-10 11:13:51] security.DEBUG: Stored the security token in the session. {"key":"_security_main"} []
[2024-07-10 11:13:52] request.INFO: Matched route "admin_module_notification_count". {"route":"admin_module_notification_count","route_parameters":{"_controller":"PrestaShopBundle\\Controller\\Admin\\Improve\\Modules\\AlertsController::notificationsCountAction","_legacy_controller":"AdminModulesNotifications","_legacy_link":"AdminModulesNotifications:count","_route":"admin_module_notification_count"},"request_uri":"http://localhost/prestashop/admin591kcphce/index.php/improve/modules/alerts/count?_token=5bAp2wT2GTdwDrWRemzapbRUrGK0EGZN3Ak4vYj0U2U","method":"GET"} []
[2024-07-10 11:13:52] security.DEBUG: Read existing security token from the session. {"key":"_security_main","token_class":"Symfony\\Component\\Security\\Core\\Authentication\\Token\\UsernamePasswordToken"} []
[2024-07-10 11:13:52] security.DEBUG: User was reloaded from a user provider. {"provider":"PrestaShopBundle\\Security\\Admin\\EmployeeProvider","username":"amevgab@gmail.com"} []
[2024-07-10 11:13:53] app.ERROR: Data from PrestaShop Addons is invalid, and cannot fallback on cache. [] []
[2024-07-10 11:13:53] security.DEBUG: Stored the security token in the session. {"key":"_security_main"} []
[2024-07-10 11:14:00] request.INFO: Matched route "admin_module_notification". {"route":"admin_module_notification","route_parameters":{"_controller":"PrestaShopBundle\\Controller\\Admin\\Improve\\Modules\\AlertsController::indexAction","_legacy_controller":"AdminModulesNotifications","_legacy_link":"AdminModulesNotifications","_route":"admin_module_notification"},"request_uri":"http://localhost/prestashop/admin591kcphce/index.php/improve/modules/alerts?_token=5bAp2wT2GTdwDrWRemzapbRUrGK0EGZN3Ak4vYj0U2U","method":"GET"} []
[2024-07-10 11:14:00] security.DEBUG: Read existing security token from the session. {"key":"_security_main","token_class":"Symfony\\Component\\Security\\Core\\Authentication\\Token\\UsernamePasswordToken"} []
[2024-07-10 11:14:00] security.DEBUG: User was reloaded from a user provider. {"provider":"PrestaShopBundle\\Security\\Admin\\EmployeeProvider","username":"amevgab@gmail.com"} []
[2024-07-10 11:14:01] app.ERROR: Data from PrestaShop Addons is invalid, and cannot fallback on cache. [] []
[2024-07-10 11:14:01] security.DEBUG: Stored the security token in the session. {"key":"_security_main"} []
[2024-07-10 11:14:10] request.INFO: Matched route "admin_module_notification_count". {"route":"admin_module_notification_count","route_parameters":{"_controller":"PrestaShopBundle\\Controller\\Admin\\Improve\\Modules\\AlertsController::notificationsCountAction","_legacy_controller":"AdminModulesNotifications","_legacy_link":"AdminModulesNotifications:count","_route":"admin_module_notification_count"},"request_uri":"http://localhost/prestashop/admin591kcphce/index.php/improve/modules/alerts/count?_token=5bAp2wT2GTdwDrWRemzapbRUrGK0EGZN3Ak4vYj0U2U","method":"GET"} []
[2024-07-10 11:14:10] security.DEBUG: Read existing security token from the session. {"key":"_security_main","token_class":"Symfony\\Component\\Security\\Core\\Authentication\\Token\\UsernamePasswordToken"} []
[2024-07-10 11:14:10] security.DEBUG: User was reloaded from a user provider. {"provider":"PrestaShopBundle\\Security\\Admin\\EmployeeProvider","username":"amevgab@gmail.com"} []
[2024-07-10 11:14:19] app.ERROR: Data from PrestaShop Addons is invalid, and cannot fallback on cache. [] []
[2024-07-10 11:14:23] security.DEBUG: Stored the security token in the session. {"key":"_security_main"} []
[2024-07-10 11:15:23] request.CRITICAL: Uncaught PHP Exception SmartyException: "unable to write file C:\wamp64\www\prestashop\var\cache\prod\smarty\compile\3b\b4\be\3bb4be18388dcc2f4ea0423f40b1bb6c341ec9fa_0.file.login_addons.tpl.php" at C:\wamp64\www\prestashop\vendor\smarty\smarty\libs\sysplugins\smarty_internal_runtime_writefile.php line 90 {"exception":"[object] (SmartyException(code: 0): unable to write file C:\\wamp64\\www\\prestashop\\var\\cache\\prod\\smarty\\compile\\3b\\b4\\be\\3bb4be18388dcc2f4ea0423f40b1bb6c341ec9fa_0.file.login_addons.tpl.php at C:\\wamp64\\www\\prestashop\\vendor\\smarty\\smarty\\libs\\sysplugins\\smarty_internal_runtime_writefile.php:90)"} []
[2024-07-10 11:17:15] request.INFO: Matched route "admin_module_manage". {"route":"admin_module_manage","route_parameters":{"category":null,"keyword":null,"_controller":"PrestaShopBundle\\Controller\\Admin\\Improve\\ModuleController::manageAction","_legacy_controller":"AdminModulesManage","_legacy_link":["AdminModulesManage","AdminModulesSf"],"_route":"admin_module_manage"},"request_uri":"http://localhost/prestashop/admin591kcphce/index.php/improve/modules/manage?_token=5bAp2wT2GTdwDrWRemzapbRUrGK0EGZN3Ak4vYj0U2U","method":"GET"} []
[2024-07-10 11:17:15] security.DEBUG: Read existing security token from the session. {"key":"_security_main","token_class":"Symfony\\Component\\Security\\Core\\Authentication\\Token\\UsernamePasswordToken"} []
[2024-07-10 11:17:15] security.DEBUG: User was reloaded from a user provider. {"provider":"PrestaShopBundle\\Security\\Admin\\EmployeeProvider","username":"amevgab@gmail.com"} []
[2024-07-10 11:17:16] app.ERROR: Data from PrestaShop Addons is invalid, and cannot fallback on cache. [] []
[2024-07-10 11:17:16] security.DEBUG: Stored the security token in the session. {"key":"_security_main"} []
[2024-07-10 11:17:17] request.INFO: Matched route "admin_module_notification_count". {"route":"admin_module_notification_count","route_parameters":{"_controller":"PrestaShopBundle\\Controller\\Admin\\Improve\\Modules\\AlertsController::notificationsCountAction","_legacy_controller":"AdminModulesNotifications","_legacy_link":"AdminModulesNotifications:count","_route":"admin_module_notification_count"},"request_uri":"http://localhost/prestashop/admin591kcphce/index.php/improve/modules/alerts/count?_token=5bAp2wT2GTdwDrWRemzapbRUrGK0EGZN3Ak4vYj0U2U","method":"GET"} []
[2024-07-10 11:17:18] security.DEBUG: Read existing security token from the session. {"key":"_security_main","token_class":"Symfony\\Component\\Security\\Core\\Authentication\\Token\\UsernamePasswordToken"} []
[2024-07-10 11:17:18] security.DEBUG: User was reloaded from a user provider. {"provider":"PrestaShopBundle\\Security\\Admin\\EmployeeProvider","username":"amevgab@gmail.com"} []
[2024-07-10 11:17:18] app.ERROR: Data from PrestaShop Addons is invalid, and cannot fallback on cache. [] []
[2024-07-10 11:17:18] security.DEBUG: Stored the security token in the session. {"key":"_security_main"} []
[2024-07-10 11:17:49] request.INFO: Matched route "admin_module_configure_action". {"route":"admin_module_configure_action","route_parameters":{"_controller":"PrestaShopBundle\\Controller\\Admin\\Improve\\ModuleController::configureModuleAction","_legacy_controller":"AdminModules","module_name":"ps_crossselling","_route":"admin_module_configure_action"},"request_uri":"http://localhost/prestashop/admin591kcphce/index.php/improve/modules/manage/action/configure/ps_crossselling?_token=5bAp2wT2GTdwDrWRemzapbRUrGK0EGZN3Ak4vYj0U2U","method":"GET"} []
[2024-07-10 11:17:49] security.DEBUG: Read existing security token from the session. {"key":"_security_main","token_class":"Symfony\\Component\\Security\\Core\\Authentication\\Token\\UsernamePasswordToken"} []
[2024-07-10 11:17:49] security.DEBUG: User was reloaded from a user provider. {"provider":"PrestaShopBundle\\Security\\Admin\\EmployeeProvider","username":"amevgab@gmail.com"} []
[2024-07-10 11:17:49] app.ERROR: Data from PrestaShop Addons is invalid, and cannot fallback on cache. [] []
[2024-07-10 11:17:52] security.DEBUG: Stored the security token in the session. {"key":"_security_main"} []
[2024-07-10 11:18:47] request.INFO: Matched route "admin_module_manage". {"route":"admin_module_manage","route_parameters":{"category":null,"keyword":null,"_controller":"PrestaShopBundle\\Controller\\Admin\\Improve\\ModuleController::manageAction","_legacy_controller":"AdminModulesManage","_legacy_link":["AdminModulesManage","AdminModulesSf"],"_route":"admin_module_manage"},"request_uri":"http://localhost/prestashop/admin591kcphce/index.php/improve/modules/manage?_token=5bAp2wT2GTdwDrWRemzapbRUrGK0EGZN3Ak4vYj0U2U","method":"GET"} []
[2024-07-10 11:18:47] security.DEBUG: Read existing security token from the session. {"key":"_security_main","token_class":"Symfony\\Component\\Security\\Core\\Authentication\\Token\\UsernamePasswordToken"} []
[2024-07-10 11:18:47] security.DEBUG: User was reloaded from a user provider. {"provider":"PrestaShopBundle\\Security\\Admin\\EmployeeProvider","username":"amevgab@gmail.com"} []
[2024-07-10 11:18:48] app.ERROR: Data from PrestaShop Addons is invalid, and cannot fallback on cache. [] []
[2024-07-10 11:18:49] security.DEBUG: Stored the security token in the session. {"key":"_security_main"} []
[2024-07-10 11:18:51] request.INFO: Matched route "admin_module_notification_count". {"route":"admin_module_notification_count","route_parameters":{"_controller":"PrestaShopBundle\\Controller\\Admin\\Improve\\Modules\\AlertsController::notificationsCountAction","_legacy_controller":"AdminModulesNotifications","_legacy_link":"AdminModulesNotifications:count","_route":"admin_module_notification_count"},"request_uri":"http://localhost/prestashop/admin591kcphce/index.php/improve/modules/alerts/count?_token=5bAp2wT2GTdwDrWRemzapbRUrGK0EGZN3Ak4vYj0U2U","method":"GET"} []
[2024-07-10 11:18:51] security.DEBUG: Read existing security token from the session. {"key":"_security_main","token_class":"Symfony\\Component\\Security\\Core\\Authentication\\Token\\UsernamePasswordToken"} []
[2024-07-10 11:18:51] security.DEBUG: User was reloaded from a user provider. {"provider":"PrestaShopBundle\\Security\\Admin\\EmployeeProvider","username":"amevgab@gmail.com"} []
[2024-07-10 11:18:51] app.ERROR: Data from PrestaShop Addons is invalid, and cannot fallback on cache. [] []
[2024-07-10 11:18:52] security.DEBUG: Stored the security token in the session. {"key":"_security_main"} []
[2024-07-10 11:19:13] request.INFO: Matched route "admin_module_configure_action". {"route":"admin_module_configure_action","route_parameters":{"_controller":"PrestaShopBundle\\Controller\\Admin\\Improve\\ModuleController::configureModuleAction","_legacy_controller":"AdminModules","module_name":"ps_mainmenu","_route":"admin_module_configure_action"},"request_uri":"http://localhost/prestashop/admin591kcphce/index.php/improve/modules/manage/action/configure/ps_mainmenu?_token=5bAp2wT2GTdwDrWRemzapbRUrGK0EGZN3Ak4vYj0U2U","method":"GET"} []
[2024-07-10 11:19:13] security.DEBUG: Read existing security token from the session. {"key":"_security_main","token_class":"Symfony\\Component\\Security\\Core\\Authentication\\Token\\UsernamePasswordToken"} []
[2024-07-10 11:19:13] security.DEBUG: User was reloaded from a user provider. {"provider":"PrestaShopBundle\\Security\\Admin\\EmployeeProvider","username":"amevgab@gmail.com"} []
[2024-07-10 11:19:14] app.ERROR: Data from PrestaShop Addons is invalid, and cannot fallback on cache. [] []
[2024-07-10 11:19:14] security.DEBUG: Stored the security token in the session. {"key":"_security_main"} []
[2024-07-10 11:20:12] request.INFO: Matched route "admin_module_manage". {"route":"admin_module_manage","route_parameters":{"category":null,"keyword":null,"_controller":"PrestaShopBundle\\Controller\\Admin\\Improve\\ModuleController::manageAction","_legacy_controller":"AdminModulesManage","_legacy_link":["AdminModulesManage","AdminModulesSf"],"_route":"admin_module_manage"},"request_uri":"http://localhost/prestashop/admin591kcphce/index.php/improve/modules/manage?_token=5bAp2wT2GTdwDrWRemzapbRUrGK0EGZN3Ak4vYj0U2U","method":"GET"} []
[2024-07-10 11:20:12] security.DEBUG: Read existing security token from the session. {"key":"_security_main","token_class":"Symfony\\Component\\Security\\Core\\Authentication\\Token\\UsernamePasswordToken"} []
[2024-07-10 11:20:12] security.DEBUG: User was reloaded from a user provider. {"provider":"PrestaShopBundle\\Security\\Admin\\EmployeeProvider","username":"amevgab@gmail.com"} []
[2024-07-10 11:20:12] app.ERROR: Data from PrestaShop Addons is invalid, and cannot fallback on cache. [] []
[2024-07-10 11:20:13] security.DEBUG: Stored the security token in the session. {"key":"_security_main"} []
[2024-07-10 11:20:47] request.INFO: Matched route "admin_mbo_uninstalled_modules". {"route":"admin_mbo_uninstalled_modules","route_parameters":{"_controller":"mbo.controller.modules:uninstalledAction","_legacy_controller":"AdminPsMboUninstalledModules","_legacy_link":"AdminPsMboUninstalledModules","_route":"admin_mbo_uninstalled_modules"},"request_uri":"http://localhost/prestashop/admin591kcphce/index.php/modules/addons/modules/uninstalled?_token=5bAp2wT2GTdwDrWRemzapbRUrGK0EGZN3Ak4vYj0U2U","method":"GET"} []
[2024-07-10 11:20:47] security.DEBUG: Read existing security token from the session. {"key":"_security_main","token_class":"Symfony\\Component\\Security\\Core\\Authentication\\Token\\UsernamePasswordToken"} []
[2024-07-10 11:20:47] security.DEBUG: User was reloaded from a user provider. {"provider":"PrestaShopBundle\\Security\\Admin\\EmployeeProvider","username":"amevgab@gmail.com"} []
[2024-07-10 11:20:48] app.ERROR: Data from PrestaShop Addons is invalid, and cannot fallback on cache. [] []
[2024-07-10 11:20:48] security.DEBUG: Stored the security token in the session. {"key":"_security_main"} []
[2024-07-10 11:20:49] request.INFO: Matched route "admin_module_notification_count". {"route":"admin_module_notification_count","route_parameters":{"_controller":"PrestaShopBundle\\Controller\\Admin\\Improve\\Modules\\AlertsController::notificationsCountAction","_legacy_controller":"AdminModulesNotifications","_legacy_link":"AdminModulesNotifications:count","_route":"admin_module_notification_count"},"request_uri":"http://localhost/prestashop/admin591kcphce/index.php/improve/modules/alerts/count?_token=5bAp2wT2GTdwDrWRemzapbRUrGK0EGZN3Ak4vYj0U2U","method":"GET"} []
[2024-07-10 11:20:49] security.DEBUG: Read existing security token from the session. {"key":"_security_main","token_class":"Symfony\\Component\\Security\\Core\\Authentication\\Token\\UsernamePasswordToken"} []
[2024-07-10 11:20:49] security.DEBUG: User was reloaded from a user provider. {"provider":"PrestaShopBundle\\Security\\Admin\\EmployeeProvider","username":"amevgab@gmail.com"} []
[2024-07-10 11:20:49] app.ERROR: Data from PrestaShop Addons is invalid, and cannot fallback on cache. [] []
[2024-07-10 11:20:49] security.DEBUG: Stored the security token in the session. {"key":"_security_main"} []
[2024-07-10 11:20:51] request.INFO: Matched route "admin_module_manage". {"route":"admin_module_manage","route_parameters":{"category":null,"keyword":null,"_controller":"PrestaShopBundle\\Controller\\Admin\\Improve\\ModuleController::manageAction","_legacy_controller":"AdminModulesManage","_legacy_link":["AdminModulesManage","AdminModulesSf"],"_route":"admin_module_manage"},"request_uri":"http://localhost/prestashop/admin591kcphce/index.php/improve/modules/manage?_token=5bAp2wT2GTdwDrWRemzapbRUrGK0EGZN3Ak4vYj0U2U","method":"GET"} []
[2024-07-10 11:20:51] security.DEBUG: Read existing security token from the session. {"key":"_security_main","token_class":"Symfony\\Component\\Security\\Core\\Authentication\\Token\\UsernamePasswordToken"} []
[2024-07-10 11:20:51] security.DEBUG: User was reloaded from a user provider. {"provider":"PrestaShopBundle\\Security\\Admin\\EmployeeProvider","username":"amevgab@gmail.com"} []
[2024-07-10 11:20:51] app.ERROR: Data from PrestaShop Addons is invalid, and cannot fallback on cache. [] []
[2024-07-10 11:20:52] security.DEBUG: Stored the security token in the session. {"key":"_security_main"} []
[2024-07-10 11:20:53] request.INFO: Matched route "admin_module_notification_count". {"route":"admin_module_notification_count","route_parameters":{"_controller":"PrestaShopBundle\\Controller\\Admin\\Improve\\Modules\\AlertsController::notificationsCountAction","_legacy_controller":"AdminModulesNotifications","_legacy_link":"AdminModulesNotifications:count","_route":"admin_module_notification_count"},"request_uri":"http://localhost/prestashop/admin591kcphce/index.php/improve/modules/alerts/count?_token=5bAp2wT2GTdwDrWRemzapbRUrGK0EGZN3Ak4vYj0U2U","method":"GET"} []
[2024-07-10 11:20:53] security.DEBUG: Read existing security token from the session. {"key":"_security_main","token_class":"Symfony\\Component\\Security\\Core\\Authentication\\Token\\UsernamePasswordToken"} []
[2024-07-10 11:20:53] security.DEBUG: User was reloaded from a user provider. {"provider":"PrestaShopBundle\\Security\\Admin\\EmployeeProvider","username":"amevgab@gmail.com"} []
[2024-07-10 11:20:54] app.ERROR: Data from PrestaShop Addons is invalid, and cannot fallback on cache. [] []
[2024-07-10 11:20:54] security.DEBUG: Stored the security token in the session. {"key":"_security_main"} []
[2024-07-10 11:21:04] request.INFO: Matched route "admin_module_configure_action". {"route":"admin_module_configure_action","route_parameters":{"_controller":"PrestaShopBundle\\Controller\\Admin\\Improve\\ModuleController::configureModuleAction","_legacy_controller":"AdminModules","module_name":"ps_checkpayment","_route":"admin_module_configure_action"},"request_uri":"http://localhost/prestashop/admin591kcphce/index.php/improve/modules/manage/action/configure/ps_checkpayment?_token=5bAp2wT2GTdwDrWRemzapbRUrGK0EGZN3Ak4vYj0U2U","method":"GET"} []
[2024-07-10 11:21:04] security.DEBUG: Read existing security token from the session. {"key":"_security_main","token_class":"Symfony\\Component\\Security\\Core\\Authentication\\Token\\UsernamePasswordToken"} []
[2024-07-10 11:21:04] security.DEBUG: User was reloaded from a user provider. {"provider":"PrestaShopBundle\\Security\\Admin\\EmployeeProvider","username":"amevgab@gmail.com"} []
[2024-07-10 11:21:05] app.ERROR: Data from PrestaShop Addons is invalid, and cannot fallback on cache. [] []
[2024-07-10 11:21:05] security.DEBUG: Stored the security token in the session. {"key":"_security_main"} []
[2024-07-10 11:22:20] request.INFO: Matched route "admin_module_manage". {"route":"admin_module_manage","route_parameters":{"category":null,"keyword":null,"_controller":"PrestaShopBundle\\Controller\\Admin\\Improve\\ModuleController::manageAction","_legacy_controller":"AdminModulesManage","_legacy_link":["AdminModulesManage","AdminModulesSf"],"_route":"admin_module_manage"},"request_uri":"http://localhost/prestashop/admin591kcphce/index.php/improve/modules/manage?_token=5bAp2wT2GTdwDrWRemzapbRUrGK0EGZN3Ak4vYj0U2U","method":"GET"} []
[2024-07-10 11:22:20] security.DEBUG: Read existing security token from the session. {"key":"_security_main","token_class":"Symfony\\Component\\Security\\Core\\Authentication\\Token\\UsernamePasswordToken"} []
[2024-07-10 11:22:20] security.DEBUG: User was reloaded from a user provider. {"provider":"PrestaShopBundle\\Security\\Admin\\EmployeeProvider","username":"amevgab@gmail.com"} []
[2024-07-10 11:22:20] app.ERROR: Data from PrestaShop Addons is invalid, and cannot fallback on cache. [] []
[2024-07-10 11:22:21] security.DEBUG: Stored the security token in the session. {"key":"_security_main"} []
[2024-07-10 11:22:25] request.INFO: Matched route "admin_module_configure_action". {"route":"admin_module_configure_action","route_parameters":{"_controller":"PrestaShopBundle\\Controller\\Admin\\Improve\\ModuleController::configureModuleAction","_legacy_controller":"AdminModules","module_name":"ps_wirepayment","_route":"admin_module_configure_action"},"request_uri":"http://localhost/prestashop/admin591kcphce/index.php/improve/modules/manage/action/configure/ps_wirepayment?_token=5bAp2wT2GTdwDrWRemzapbRUrGK0EGZN3Ak4vYj0U2U","method":"GET"} []
[2024-07-10 11:22:25] security.DEBUG: Read existing security token from the session. {"key":"_security_main","token_class":"Symfony\\Component\\Security\\Core\\Authentication\\Token\\UsernamePasswordToken"} []
[2024-07-10 11:22:25] security.DEBUG: User was reloaded from a user provider. {"provider":"PrestaShopBundle\\Security\\Admin\\EmployeeProvider","username":"amevgab@gmail.com"} []
[2024-07-10 11:22:26] app.ERROR: Data from PrestaShop Addons is invalid, and cannot fallback on cache. [] []
[2024-07-10 11:22:26] security.DEBUG: Stored the security token in the session. {"key":"_security_main"} []
[2024-07-10 11:32:09] request.INFO: Matched route "admin_link_block_list". {"route":"admin_link_block_list","route_parameters":{"_controller":"PrestaShop\\Module\\LinkList\\Controller\\Admin\\Improve\\Design\\LinkBlockController::listAction","_legacy_controller":"AdminLinkWidget","_legacy_link":"AdminLinkWidget","_route":"admin_link_block_list"},"request_uri":"http://localhost/prestashop/admin591kcphce/index.php/modules/link-widget/list?_token=5bAp2wT2GTdwDrWRemzapbRUrGK0EGZN3Ak4vYj0U2U","method":"GET"} []
[2024-07-10 11:32:09] security.DEBUG: Read existing security token from the session. {"key":"_security_main","token_class":"Symfony\\Component\\Security\\Core\\Authentication\\Token\\UsernamePasswordToken"} []
[2024-07-10 11:32:09] security.DEBUG: User was reloaded from a user provider. {"provider":"PrestaShopBundle\\Security\\Admin\\EmployeeProvider","username":"amevgab@gmail.com"} []
[2024-07-10 11:32:09] app.ERROR: Data from PrestaShop Addons is invalid, and cannot fallback on cache. [] []
[2024-07-10 11:32:10] security.DEBUG: Stored the security token in the session. {"key":"_security_main"} []
[2024-07-10 11:32:14] request.INFO: Matched route "admin_link_block_edit". {"route":"admin_link_block_edit","route_parameters":{"_controller":"PrestaShop\\Module\\LinkList\\Controller\\Admin\\Improve\\Design\\LinkBlockController::editAction","_legacy_controller":"AdminLinkWidget","linkBlockId":"1","_route":"admin_link_block_edit"},"request_uri":"http://localhost/prestashop/admin591kcphce/index.php/modules/link-widget/edit/1?_token=5bAp2wT2GTdwDrWRemzapbRUrGK0EGZN3Ak4vYj0U2U","method":"GET"} []
[2024-07-10 11:32:14] security.DEBUG: Read existing security token from the session. {"key":"_security_main","token_class":"Symfony\\Component\\Security\\Core\\Authentication\\Token\\UsernamePasswordToken"} []
[2024-07-10 11:32:14] security.DEBUG: User was reloaded from a user provider. {"provider":"PrestaShopBundle\\Security\\Admin\\EmployeeProvider","username":"amevgab@gmail.com"} []
[2024-07-10 11:32:14] app.ERROR: Data from PrestaShop Addons is invalid, and cannot fallback on cache. [] []
[2024-07-10 11:32:15] security.DEBUG: Stored the security token in the session. {"key":"_security_main"} []
[2024-07-10 11:36:22] app.ERROR: Data from PrestaShop Addons is invalid, and cannot fallback on cache. [] []
[2024-07-10 11:36:22] request.CRITICAL: Uncaught PHP Exception PrestaShop\PrestaShop\Core\Domain\Theme\Exception\FailedToEnableThemeModuleException: "Le module ps_accounts n'a pas t trouv sur Addons." at C:\wamp64\www\prestashop\src\Core\Addon\Module\ModuleManager.php line 299 {"exception":"[object] (PrestaShop\\PrestaShop\\Core\\Domain\\Theme\\Exception\\FailedToEnableThemeModuleException(code: 0): Le module ps_accounts n'a pas t trouv sur Addons. at C:\\wamp64\\www\\prestashop\\src\\Core\\Addon\\Module\\ModuleManager.php:299)"} []
